Arguments: 
  /home/antonio/.nvm/versions/node/v14.17.6/bin/node /home/antonio/.nvm/versions/node/v14.17.6/bin/yarn add @prisma/client express typescrip ts-node-dev sqlite3 cors

PATH: 
  /home/antonio/.nvm/versions/node/v14.17.6/bin:/usr/local/sbin:/usr/local/bin:/usr/sbin:/usr/bin:/sbin:/bin:/usr/games:/usr/local/games:/snap/bin:/home/antonio/.dotnet/tools

Yarn version: 
  1.22.11

Node version: 
  14.17.6

Platform: 
  linux x64

Trace: 
  Error: https://registry.yarnpkg.com/typescrip: Not found
      at Request.params.callback [as _callback] (/home/antonio/.nvm/versions/node/v14.17.6/lib/node_modules/yarn/lib/cli.js:66992:18)
      at Request.self.callback (/home/antonio/.nvm/versions/node/v14.17.6/lib/node_modules/yarn/lib/cli.js:140763:22)
      at Request.emit (events.js:400:28)
      at Request.<anonymous> (/home/antonio/.nvm/versions/node/v14.17.6/lib/node_modules/yarn/lib/cli.js:141735:10)
      at Request.emit (events.js:400:28)
      at IncomingMessage.<anonymous> (/home/antonio/.nvm/versions/node/v14.17.6/lib/node_modules/yarn/lib/cli.js:141657:12)
      at Object.onceWrapper (events.js:519:28)
      at IncomingMessage.emit (events.js:412:35)
      at endReadableNT (internal/streams/readable.js:1317:12)
      at processTicksAndRejections (internal/process/task_queues.js:82:21)

npm manifest: 
  {
    "name": "great-quotes-backend",
    "version": "1.0.0",
    "description": "great quotes backend",
    "main": "index.js",
    "author": "Antoni0o",
    "license": "MIT",
    "private": false
  }

yarn manifest: 
  No manifest

Lockfile: 
  No lockfile
